<?xml version="1.0" encoding="UTF-8"?>
<!-- Generated by org.testng.reporters.JUnitReportReporter -->
<testsuite hostname="01HW1740285" name="test2.DDDD" tests="1" failures="0" timestamp="3 Jun 2023 12:20:57 GMT" time="0.000" errors="0">
  <testcase name="checkout" time="0.000" classname="test2.DDDD"/>
</testsuite> <!-- test2.DDDD -->
