<?xml version="1.0" encoding="UTF-8"?>
<!-- Generated by org.testng.reporters.JUnitReportReporter -->
<testsuite hostname="01HW1740285" name="test.test1" tests="1" failures="0" timestamp="3 Jun 2023 06:07:32 GMT" time="0.009" errors="0">
  <testcase name="Demo" time="0.009" classname="test.test1"/>
</testsuite> <!-- test.test1 -->
