<?xml version="1.0" encoding="UTF-8"?>
<!-- Generated by org.testng.reporters.JUnitReportReporter -->
<testsuite hostname="01HW1740285" name="test2.PackageTest" tests="1" failures="0" timestamp="3 Jun 2023 15:50:47 GMT" time="0.000" errors="0">
  <testcase name="checkout" time="0.000" classname="test2.PackageTest"/>
</testsuite> <!-- test2.PackageTest -->
